<?xml version="1.0" encoding="UTF-8"?>
<robot generator="Robot 5.0.1 (Python 3.10.6 on win32)" generated="20220919 12:45:59.864" rpa="false" schemaversion="3">
<suite id="s1" name="TestCases" source="c:\Users\Lukasz_Kot\.vscode\robot\TestCases">
<kw name="Before each Test Suite" type="SETUP">
<kw name="Log" library="BuiltIn">
<arg>Test Suite Started</arg>
<doc>Logs the given message with the given level.</doc>
<msg timestamp="20220919 12:45:59.902" level="INFO">Test Suite Started</msg>
<status status="PASS" starttime="20220919 12:45:59.902" endtime="20220919 12:45:59.902"/>
</kw>
<status status="PASS" starttime="20220919 12:45:59.902" endtime="20220919 12:45:59.902"/>
</kw>
<suite id="s1-s1" name="Tc001" source="c:\Users\Lukasz_Kot\.vscode\robot\TestCases\tc001.robot">
<test id="s1-s1-t1" name="TC001 Browser Start and Close" line="15">
<kw name="Start Browser and Maximize" library="Resources1" type="SETUP">
<arg>${URL}</arg>
<arg>${Browser}</arg>
<doc>This is keyword for start browser</doc>
<kw name="Open Browser" library="SeleniumLibrary">
<arg>${UserURL}</arg>
<arg>${InputBrowser}</arg>
<doc>Opens a new browser instance to the optional ``url``.</doc>
<msg timestamp="20220919 12:46:00.876" level="INFO">Opening browser 'Chrome' to base url 'http://www.thetestingworld.com/testings'.</msg>
<status status="PASS" starttime="20220919 12:46:00.876" endtime="20220919 12:46:03.602"/>
</kw>
<kw name="Maximize Browser Window" library="SeleniumLibrary">
<doc>Maximizes current browser window.</doc>
<status status="PASS" starttime="20220919 12:46:03.602" endtime="20220919 12:46:03.720"/>
</kw>
<kw name="Get Title" library="SeleniumLibrary">
<var>${Title}</var>
<doc>Returns the title of the current page.</doc>
<msg timestamp="20220919 12:46:03.720" level="INFO">${Title} = Login &amp; Sign Up Forms</msg>
<status status="PASS" starttime="20220919 12:46:03.720" endtime="20220919 12:46:03.720"/>
</kw>
<status status="PASS" starttime="20220919 12:46:00.876" endtime="20220919 12:46:03.720"/>
</kw>
<kw name="Read Element Locators">
<var>${email}</var>
<arg>Registration.email_textbox_name</arg>
<kw name="Read Locator From Json" library="Locators">
<var>${result}</var>
<arg>${JsonPath}</arg>
<msg timestamp="20220919 12:46:03.739" level="INFO">${result} = fld_email</msg>
<status status="PASS" starttime="20220919 12:46:03.720" endtime="20220919 12:46:03.739"/>
</kw>
<msg timestamp="20220919 12:46:03.740" level="INFO">${email} = fld_email</msg>
<status status="PASS" starttime="20220919 12:46:03.720" endtime="20220919 12:46:03.740"/>
</kw>
<kw name="Read Element Locators">
<var>${username}</var>
<arg>Registration.username_textbox_name</arg>
<kw name="Read Locator From Json" library="Locators">
<var>${result}</var>
<arg>${JsonPath}</arg>
<msg timestamp="20220919 12:46:03.741" level="INFO">${result} = fld_username</msg>
<status status="PASS" starttime="20220919 12:46:03.740" endtime="20220919 12:46:03.741"/>
</kw>
<msg timestamp="20220919 12:46:03.741" level="INFO">${username} = fld_username</msg>
<status status="PASS" starttime="20220919 12:46:03.740" endtime="20220919 12:46:03.741"/>
</kw>
<kw name="Read Element Locators">
<var>${password}</var>
<arg>Registration.password_textbox_name</arg>
<kw name="Read Locator From Json" library="Locators">
<var>${result}</var>
<arg>${JsonPath}</arg>
<msg timestamp="20220919 12:46:03.742" level="INFO">${result} = fld_password</msg>
<status status="PASS" starttime="20220919 12:46:03.742" endtime="20220919 12:46:03.742"/>
</kw>
<msg timestamp="20220919 12:46:03.742" level="INFO">${password} = fld_password</msg>
<status status="PASS" starttime="20220919 12:46:03.741" endtime="20220919 12:46:03.742"/>
</kw>
<kw name="Read Element Locators">
<var>${submit}</var>
<arg>Registration.submit_input_css</arg>
<kw name="Read Locator From Json" library="Locators">
<var>${result}</var>
<arg>${JsonPath}</arg>
<msg timestamp="20220919 12:46:03.744" level="INFO">${result} = input[value='Sign up']</msg>
<status status="PASS" starttime="20220919 12:46:03.743" endtime="20220919 12:46:03.744"/>
</kw>
<msg timestamp="20220919 12:46:03.744" level="INFO">${submit} = input[value='Sign up']</msg>
<status status="PASS" starttime="20220919 12:46:03.742" endtime="20220919 12:46:03.744"/>
</kw>
<kw name="Set Selenium Speed" library="SeleniumLibrary">
<arg>0.5</arg>
<doc>Sets the delay that is waited after each Selenium command.</doc>
<status status="PASS" starttime="20220919 12:46:03.744" endtime="20220919 12:46:03.744"/>
</kw>
<kw name="Input Text" library="SeleniumLibrary">
<arg>name:${email}</arg>
<arg>testingworld@mail.com</arg>
<doc>Types the given ``text`` into the text field identified by ``locator``.</doc>
<msg timestamp="20220919 12:46:03.744" level="INFO">Typing text 'testingworld@mail.com' into text field 'name:fld_email'.</msg>
<status status="PASS" starttime="20220919 12:46:03.744" endtime="20220919 12:46:05.327"/>
</kw>
<kw name="Read number of rows" library="Resources1">
<var>${rows}</var>
<arg>Sheet1</arg>
<kw name="Fetch Number Of Rows" library="ReadData">
<var>${maxrows}</var>
<arg>${sheetname}</arg>
<msg timestamp="20220919 12:46:05.327" level="INFO">${maxrows} = 4</msg>
<status status="PASS" starttime="20220919 12:46:05.327" endtime="20220919 12:46:05.327"/>
</kw>
<msg timestamp="20220919 12:46:05.328" level="INFO">${rows} = 4</msg>
<status status="PASS" starttime="20220919 12:46:05.327" endtime="20220919 12:46:05.328"/>
</kw>
<for flavor="IN RANGE">
<var>${i}</var>
<value>1</value>
<value>${rows}+1</value>
<iter>
<var name="${i}">1</var>
<kw name="Read data from excell" library="Resources1">
<var>${user}</var>
<arg>Sheet1</arg>
<arg>${i}</arg>
<arg>1</arg>
<kw name="Fetch Cell Data" library="ReadData">
<var>${data}</var>
<arg>${sheetname}</arg>
<arg>${row}</arg>
<arg>${cell}</arg>
<msg timestamp="20220919 12:46:05.329" level="INFO">${data} = Username1</msg>
<status status="PASS" starttime="20220919 12:46:05.328" endtime="20220919 12:46:05.329"/>
</kw>
<msg timestamp="20220919 12:46:05.329" level="INFO">${user} = Username1</msg>
<status status="PASS" starttime="20220919 12:46:05.328" endtime="20220919 12:46:05.329"/>
</kw>
<kw name="Read data from excell" library="Resources1">
<var>${pass}</var>
<arg>Sheet1</arg>
<arg>${i}</arg>
<arg>2</arg>
<kw name="Fetch Cell Data" library="ReadData">
<var>${data}</var>
<arg>${sheetname}</arg>
<arg>${row}</arg>
<arg>${cell}</arg>
<msg timestamp="20220919 12:46:05.330" level="INFO">${data} = Password1</msg>
<status status="PASS" starttime="20220919 12:46:05.330" endtime="20220919 12:46:05.330"/>
</kw>
<msg timestamp="20220919 12:46:05.330" level="INFO">${pass} = Password1</msg>
<status status="PASS" starttime="20220919 12:46:05.329" endtime="20220919 12:46:05.330"/>
</kw>
<kw name="Input Text" library="SeleniumLibrary">
<arg>name:${username}</arg>
<arg>${user}</arg>
<doc>Types the given ``text`` into the text field identified by ``locator``.</doc>
<msg timestamp="20220919 12:46:05.330" level="INFO">Typing text 'Username1' into text field 'name:fld_username'.</msg>
<status status="PASS" starttime="20220919 12:46:05.330" endtime="20220919 12:46:06.912"/>
</kw>
<kw name="Input Text" library="SeleniumLibrary">
<arg>name:${password}</arg>
<arg>${pass}</arg>
<doc>Types the given ``text`` into the text field identified by ``locator``.</doc>
<msg timestamp="20220919 12:46:06.912" level="INFO">Typing text 'Password1' into text field 'name:fld_password'.</msg>
<status status="PASS" starttime="20220919 12:46:06.912" endtime="20220919 12:46:08.504"/>
</kw>
<kw name="Click Button" library="SeleniumLibrary">
<arg>css:${submit}</arg>
<doc>Clicks the button identified by ``locator``.</doc>
<msg timestamp="20220919 12:46:08.504" level="INFO">Clicking button 'css:input[value='Sign up']'.</msg>
<status status="PASS" starttime="20220919 12:46:08.504" endtime="20220919 12:46:10.082"/>
</kw>
<status status="PASS" starttime="20220919 12:46:05.328" endtime="20220919 12:46:10.082"/>
</iter>
<iter>
<var name="${i}">2</var>
<kw name="Read data from excell" library="Resources1">
<var>${user}</var>
<arg>Sheet1</arg>
<arg>${i}</arg>
<arg>1</arg>
<kw name="Fetch Cell Data" library="ReadData">
<var>${data}</var>
<arg>${sheetname}</arg>
<arg>${row}</arg>
<arg>${cell}</arg>
<msg timestamp="20220919 12:46:10.083" level="INFO">${data} = Username2</msg>
<status status="PASS" starttime="20220919 12:46:10.083" endtime="20220919 12:46:10.083"/>
</kw>
<msg timestamp="20220919 12:46:10.083" level="INFO">${user} = Username2</msg>
<status status="PASS" starttime="20220919 12:46:10.082" endtime="20220919 12:46:10.083"/>
</kw>
<kw name="Read data from excell" library="Resources1">
<var>${pass}</var>
<arg>Sheet1</arg>
<arg>${i}</arg>
<arg>2</arg>
<kw name="Fetch Cell Data" library="ReadData">
<var>${data}</var>
<arg>${sheetname}</arg>
<arg>${row}</arg>
<arg>${cell}</arg>
<msg timestamp="20220919 12:46:10.083" level="INFO">${data} = Password2</msg>
<status status="PASS" starttime="20220919 12:46:10.083" endtime="20220919 12:46:10.083"/>
</kw>
<msg timestamp="20220919 12:46:10.083" level="INFO">${pass} = Password2</msg>
<status status="PASS" starttime="20220919 12:46:10.083" endtime="20220919 12:46:10.084"/>
</kw>
<kw name="Input Text" library="SeleniumLibrary">
<arg>name:${username}</arg>
<arg>${user}</arg>
<doc>Types the given ``text`` into the text field identified by ``locator``.</doc>
<msg timestamp="20220919 12:46:10.084" level="INFO">Typing text 'Username2' into text field 'name:fld_username'.</msg>
<status status="PASS" starttime="20220919 12:46:10.084" endtime="20220919 12:46:11.652"/>
</kw>
<kw name="Input Text" library="SeleniumLibrary">
<arg>name:${password}</arg>
<arg>${pass}</arg>
<doc>Types the given ``text`` into the text field identified by ``locator``.</doc>
<msg timestamp="20220919 12:46:11.652" level="INFO">Typing text 'Password2' into text field 'name:fld_password'.</msg>
<status status="PASS" starttime="20220919 12:46:11.652" endtime="20220919 12:46:13.219"/>
</kw>
<kw name="Click Button" library="SeleniumLibrary">
<arg>css:${submit}</arg>
<doc>Clicks the button identified by ``locator``.</doc>
<msg timestamp="20220919 12:46:13.219" level="INFO">Clicking button 'css:input[value='Sign up']'.</msg>
<status status="PASS" starttime="20220919 12:46:13.219" endtime="20220919 12:46:14.781"/>
</kw>
<status status="PASS" starttime="20220919 12:46:10.082" endtime="20220919 12:46:14.781"/>
</iter>
<iter>
<var name="${i}">3</var>
<kw name="Read data from excell" library="Resources1">
<var>${user}</var>
<arg>Sheet1</arg>
<arg>${i}</arg>
<arg>1</arg>
<kw name="Fetch Cell Data" library="ReadData">
<var>${data}</var>
<arg>${sheetname}</arg>
<arg>${row}</arg>
<arg>${cell}</arg>
<msg timestamp="20220919 12:46:14.782" level="INFO">${data} = Username3</msg>
<status status="PASS" starttime="20220919 12:46:14.782" endtime="20220919 12:46:14.782"/>
</kw>
<msg timestamp="20220919 12:46:14.782" level="INFO">${user} = Username3</msg>
<status status="PASS" starttime="20220919 12:46:14.781" endtime="20220919 12:46:14.782"/>
</kw>
<kw name="Read data from excell" library="Resources1">
<var>${pass}</var>
<arg>Sheet1</arg>
<arg>${i}</arg>
<arg>2</arg>
<kw name="Fetch Cell Data" library="ReadData">
<var>${data}</var>
<arg>${sheetname}</arg>
<arg>${row}</arg>
<arg>${cell}</arg>
<msg timestamp="20220919 12:46:14.782" level="INFO">${data} = Password3</msg>
<status status="PASS" starttime="20220919 12:46:14.782" endtime="20220919 12:46:14.782"/>
</kw>
<msg timestamp="20220919 12:46:14.782" level="INFO">${pass} = Password3</msg>
<status status="PASS" starttime="20220919 12:46:14.782" endtime="20220919 12:46:14.782"/>
</kw>
<kw name="Input Text" library="SeleniumLibrary">
<arg>name:${username}</arg>
<arg>${user}</arg>
<doc>Types the given ``text`` into the text field identified by ``locator``.</doc>
<msg timestamp="20220919 12:46:14.783" level="INFO">Typing text 'Username3' into text field 'name:fld_username'.</msg>
<status status="PASS" starttime="20220919 12:46:14.783" endtime="20220919 12:46:16.352"/>
</kw>
<kw name="Input Text" library="SeleniumLibrary">
<arg>name:${password}</arg>
<arg>${pass}</arg>
<doc>Types the given ``text`` into the text field identified by ``locator``.</doc>
<msg timestamp="20220919 12:46:16.352" level="INFO">Typing text 'Password3' into text field 'name:fld_password'.</msg>
<status status="PASS" starttime="20220919 12:46:16.352" endtime="20220919 12:46:17.912"/>
</kw>
<kw name="Click Button" library="SeleniumLibrary">
<arg>css:${submit}</arg>
<doc>Clicks the button identified by ``locator``.</doc>
<msg timestamp="20220919 12:46:17.913" level="INFO">Clicking button 'css:input[value='Sign up']'.</msg>
<status status="PASS" starttime="20220919 12:46:17.912" endtime="20220919 12:46:19.464"/>
</kw>
<status status="PASS" starttime="20220919 12:46:14.781" endtime="20220919 12:46:19.464"/>
</iter>
<iter>
<var name="${i}">4</var>
<kw name="Read data from excell" library="Resources1">
<var>${user}</var>
<arg>Sheet1</arg>
<arg>${i}</arg>
<arg>1</arg>
<kw name="Fetch Cell Data" library="ReadData">
<var>${data}</var>
<arg>${sheetname}</arg>
<arg>${row}</arg>
<arg>${cell}</arg>
<msg timestamp="20220919 12:46:19.465" level="INFO">${data} = Username4</msg>
<status status="PASS" starttime="20220919 12:46:19.465" endtime="20220919 12:46:19.465"/>
</kw>
<msg timestamp="20220919 12:46:19.465" level="INFO">${user} = Username4</msg>
<status status="PASS" starttime="20220919 12:46:19.464" endtime="20220919 12:46:19.465"/>
</kw>
<kw name="Read data from excell" library="Resources1">
<var>${pass}</var>
<arg>Sheet1</arg>
<arg>${i}</arg>
<arg>2</arg>
<kw name="Fetch Cell Data" library="ReadData">
<var>${data}</var>
<arg>${sheetname}</arg>
<arg>${row}</arg>
<arg>${cell}</arg>
<msg timestamp="20220919 12:46:19.465" level="INFO">${data} = Password4</msg>
<status status="PASS" starttime="20220919 12:46:19.465" endtime="20220919 12:46:19.465"/>
</kw>
<msg timestamp="20220919 12:46:19.465" level="INFO">${pass} = Password4</msg>
<status status="PASS" starttime="20220919 12:46:19.465" endtime="20220919 12:46:19.465"/>
</kw>
<kw name="Input Text" library="SeleniumLibrary">
<arg>name:${username}</arg>
<arg>${user}</arg>
<doc>Types the given ``text`` into the text field identified by ``locator``.</doc>
<msg timestamp="20220919 12:46:19.466" level="INFO">Typing text 'Username4' into text field 'name:fld_username'.</msg>
<status status="PASS" starttime="20220919 12:46:19.465" endtime="20220919 12:46:21.033"/>
</kw>
<kw name="Input Text" library="SeleniumLibrary">
<arg>name:${password}</arg>
<arg>${pass}</arg>
<doc>Types the given ``text`` into the text field identified by ``locator``.</doc>
<msg timestamp="20220919 12:46:21.033" level="INFO">Typing text 'Password4' into text field 'name:fld_password'.</msg>
<status status="PASS" starttime="20220919 12:46:21.033" endtime="20220919 12:46:22.588"/>
</kw>
<kw name="Click Button" library="SeleniumLibrary">
<arg>css:${submit}</arg>
<doc>Clicks the button identified by ``locator``.</doc>
<msg timestamp="20220919 12:46:22.588" level="INFO">Clicking button 'css:input[value='Sign up']'.</msg>
<status status="PASS" starttime="20220919 12:46:22.588" endtime="20220919 12:46:24.142"/>
</kw>
<status status="PASS" starttime="20220919 12:46:19.464" endtime="20220919 12:46:24.142"/>
</iter>
<status status="PASS" starttime="20220919 12:46:05.328" endtime="20220919 12:46:24.142"/>
</for>
<kw name="Select From List By Index" library="SeleniumLibrary">
<arg>name:sex</arg>
<arg>2</arg>
<doc>Selects options from selection list ``locator`` by ``indexes``.</doc>
<msg timestamp="20220919 12:46:24.143" level="INFO">Selecting options from selection list 'name:sex' by index 2.</msg>
<status status="PASS" starttime="20220919 12:46:24.143" endtime="20220919 12:46:29.317"/>
</kw>
<kw name="Page Should Contain" library="SeleniumLibrary">
<arg>Register</arg>
<doc>Verifies that current page contains ``text``.</doc>
<msg timestamp="20220919 12:46:30.336" level="INFO">Current page contains text 'Register'.</msg>
<status status="PASS" starttime="20220919 12:46:29.317" endtime="20220919 12:46:30.336"/>
</kw>
<kw name="Close All Browsers" library="SeleniumLibrary" type="TEARDOWN">
<doc>Closes all open browsers and resets the browser cache.</doc>
<status status="PASS" starttime="20220919 12:46:30.336" endtime="20220919 12:46:32.903"/>
</kw>
<doc>This is first test case documentation</doc>
<tag>Sanity</tag>
<status status="PASS" starttime="20220919 12:46:00.874" endtime="20220919 12:46:32.905"/>
</test>
<status status="PASS" starttime="20220919 12:45:59.902" endtime="20220919 12:46:32.908"/>
</suite>
<kw name="After each Test Suite" type="TEARDOWN">
<kw name="Log" library="BuiltIn">
<arg>Test Suite Ended</arg>
<doc>Logs the given message with the given level.</doc>
<msg timestamp="20220919 12:46:32.910" level="INFO">Test Suite Ended</msg>
<status status="PASS" starttime="20220919 12:46:32.910" endtime="20220919 12:46:32.910"/>
</kw>
<status status="PASS" starttime="20220919 12:46:32.910" endtime="20220919 12:46:32.910"/>
</kw>
<status status="PASS" starttime="20220919 12:45:59.864" endtime="20220919 12:46:32.910"/>
</suite>
<statistics>
<total>
<stat pass="1" fail="0" skip="0">All Tests</stat>
</total>
<tag>
<stat pass="1" fail="0" skip="0">Sanity</stat>
</tag>
<suite>
<stat pass="1" fail="0" skip="0" id="s1" name="TestCases">TestCases</stat>
<stat pass="1" fail="0" skip="0" id="s1-s1" name="Tc001">TestCases.Tc001</stat>
</suite>
</statistics>
<errors>
</errors>
</robot>
